<2020/06/24 23:38:35> || Attempting to connect to port 8080 
<2020/06/24 23:38:35> || Successfully connected to port 8080 
<2020/06/24 23:39:00> || Attempting to connect to port 8080 
<2020/06/24 23:39:00> || Successfully connected to port 8080 
<2020/06/24 23:39:07> || Hello :D 
<2020/06/24 23:39:10> || Hello :D 
<2020/06/24 23:39:39> || Attempting to connect to port 8080 
<2020/06/24 23:39:39> || Successfully connected to port 8080 
<2020/06/24 23:39:57> || Attempting to connect to port 8080 
<2020/06/24 23:39:57> || Successfully connected to port 8080 
<2020/06/24 23:40:21> || Attempting to connect to port 8080 
<2020/06/24 23:40:21> || Successfully connected to port 8080 
<2020/06/24 23:42:06> || Attempting to connect to port 8080 
<2020/06/24 23:42:06> || Successfully connected to port 8080 
<2020/06/24 23:42:20> || Attempting to connect to port 8080 
<2020/06/24 23:42:20> || Successfully connected to port 8080 
<2020/06/24 23:42:52> || Attempting to connect to port 8080 
<2020/06/24 23:42:52> || Successfully connected to port 8080 
<2020/06/24 23:42:58> || Hello :D 
<2020/06/24 23:44:33> || Attempting to connect to port 8080 
<2020/06/24 23:44:33> || Successfully connected to port 8080 
<2020/06/24 23:44:35> || Host localhost:8080 Connection keep-alive Cache-Control max-age=0 Upgrade-Insecure-Requests 1 User-Agent Mozilla/5.0 (Windows NT 10.0; Win64; x64) AppleWebKit/537.36 (KHTML, like Gecko) Chrome/83.0.4103.116 Safari/537.36 Accept text/html,application/xhtml+xml,application/xml;q=0.9,image/webp,image/apng,*/*;q=0.8,application/signed-exchange;v=b3;q=0.9 Sec-Fetch-Site none Sec-Fetch-Mode navigate Sec-Fetch-User ?1 Sec-Fetch-Dest document Accept-Encoding gzip, deflate, br Accept-Language en-US,en;q=0.9 Cookie Webstorm-17099eb1=53014a17-65b2-43bd-843c-f2b70c159dcb; PHPSESSID=hgf1ss3ebqoikkls6a76a40sjm; v=x; DiscordDashboardSession=s%3AsNuc6vWm_MolsOMjrPKMgFTxGBpnM6bR.kK9svyo5kO8NGtPqPWA0iCsyYdSWqT18jbxQYwbbEv4; connect.sid=s%3Ae3RqaAs02jIQ8YOYRD_UF1h5EztTK6Gl.PoCwIFnhNM4Cq2ACse91Sx7Yd0bmPbmd09WT%2FsTCy0w; io=_QMkKL-VcKbZC6PbAAAA If-None-Match W/"123-kCDGrnZTIWNWP/WwKhwSFZir6hg" 
<2020/06/24 23:44:35> || Hello :D 
<2020/06/24 23:45:37> || Attempting to connect to port 8080 
<2020/06/24 23:45:37> || Successfully connected to port 8080 
<2020/06/24 23:45:37> || Hello :D 
<2020/06/24 23:48:15> || Attempting to connect to port 8080 
<2020/06/24 23:48:15> ||     ___   ___   ___   ___  
  _( _ ) / _ \ ( _ ) / _ \ 
 (_) _ \| | | |/ _ \| | | |
  | (_) | |_| | (_) | |_| |
 (_)___/ \___/ \___/ \___/ 
                            
<2020/06/24 23:48:50> || Attempting to connect to port 8080 
<2020/06/24 23:48:50> || 
    ___   ___   ___   ___  
  _( _ ) / _ \ ( _ ) / _ \ 
 (_) _ \| | | |/ _ \| | | |
  | (_) | |_| | (_) | |_| |
 (_)___/ \___/ \___/ \___/ 
                            
<2020/06/24 23:50:02> || Attempting to connect to port 8080 
<2020/06/24 23:50:02> || 
  _     _     _             _               _           ___   ___   ___   ___  
 | |   (_)___| |_ ___ _ __ (_)_ __   __ _  | |_ ___    ( _ ) / _ \ ( _ ) / _ \ 
 | |   | / __| __/ _ \ '_ \| | '_ \ / _` | | __/ _ \   / _ \| | | |/ _ \| | | |
 | |___| \__ \ ||  __/ | | | | | | | (_| | | || (_) | | (_) | |_| | (_) | |_| |
 |_____|_|___/\__\___|_| |_|_|_| |_|\__, |  \__\___/   \___/ \___/ \___/ \___/ 
                                    |___/                                       
